[2022-01-29 01:32:42.143] [exthost] [info] Extension host with pid 1401110 started
[2022-01-29 01:32:42.325] [exthost] [info] ExtensionService#_doActivateExtension vscode.microsoft-authentication, startup: false, activationEvent: 'onAuthenticationRequest:microsoft'
[2022-01-29 01:32:42.366] [exthost] [info] ExtensionService#_doActivateExtension vscode.debug-auto-launch, startup: true, activationEvent: '*'
[2022-01-29 01:32:42.372] [exthost] [info] ExtensionService#_doActivateExtension vscode.git-base, startup: true, activationEvent: '*', root cause: vscode.github
[2022-01-29 01:32:42.434] [exthost] [info] ExtensionService#_doActivateExtension vscode.git, startup: true, activationEvent: '*'
[2022-01-29 01:32:42.602] [exthost] [info] ExtensionService#_doActivateExtension vscode.github, startup: true, activationEvent: '*'
[2022-01-29 01:32:42.746] [exthost] [info] Eager extensions activated
[2022-01-29 01:32:42.747] [exthost] [info] ExtensionService#_doActivateExtension vscode.github-authentication, startup: false, activationEvent: 'onAuthenticationRequest:github'
[2022-01-29 01:32:42.814] [exthost] [info] ExtensionService#_doActivateExtension vscode.emmet, startup: false, activationEvent: 'onStartupFinished'
[2022-01-29 01:32:42.840] [exthost] [info] ExtensionService#_doActivateExtension vscode.merge-conflict, startup: false, activationEvent: 'onStartupFinished'
[2022-01-29 01:32:42.846] [exthost] [info] ExtensionService#_doActivateExtension formulahendry.code-runner, startup: false, activationEvent: 'onStartupFinished'
[2022-01-29 01:32:59.038] [exthost] [info] extension host terminating: renderer closed the socket
[2022-01-29 01:32:59.045] [exthost] [info] Extension host with pid 1401110 exiting with code 0
[2022-01-29 01:33:01.875] [exthost] [info] Extension host with pid 1401352 started
[2022-01-29 01:33:01.875] [exthost] [info] Skipping acquiring lock for /root/Github_Repos/AshleyChraya.github.io/~/.vscode-root/User/workspaceStorage/145daf402ce104a2a944f8b40c0d3eab.
[2022-01-29 01:33:01.992] [exthost] [info] ExtensionService#_doActivateExtension vscode.microsoft-authentication, startup: false, activationEvent: 'onAuthenticationRequest:microsoft'
[2022-01-29 01:33:02.001] [exthost] [info] ExtensionService#_doActivateExtension vscode.debug-auto-launch, startup: true, activationEvent: '*'
[2022-01-29 01:33:02.003] [exthost] [info] ExtensionService#_doActivateExtension vscode.git-base, startup: true, activationEvent: '*', root cause: vscode.github
[2022-01-29 01:33:02.007] [exthost] [info] ExtensionService#_doActivateExtension vscode.npm, startup: true, activationEvent: 'workspaceContains:package.json'
[2022-01-29 01:33:02.115] [exthost] [info] ExtensionService#_doActivateExtension vscode.github, startup: true, activationEvent: '*'
[2022-01-29 01:33:02.166] [exthost] [info] ExtensionService#_doActivateExtension vscode.github-authentication, startup: false, activationEvent: 'onAuthenticationRequest:github'
[2022-01-29 01:33:02.216] [exthost] [info] Eager extensions activated
[2022-01-29 01:33:02.228] [exthost] [info] ExtensionService#_doActivateExtension vscode.emmet, startup: false, activationEvent: 'onStartupFinished'
[2022-01-29 01:33:02.239] [exthost] [info] ExtensionService#_doActivateExtension vscode.merge-conflict, startup: false, activationEvent: 'onStartupFinished'
[2022-01-29 01:33:04.028] [exthost] [info] ExtensionService#_doActivateExtension vscode.git, startup: false, activationEvent: 'api', root cause: vscode.github
[2022-01-29 01:33:04.050] [exthost] [info] ExtensionService#_doActivateExtension formulahendry.code-runner, startup: false, activationEvent: 'onStartupFinished'
[2022-01-29 01:33:04.226] [exthost] [warning] [Decorations] CAPPING events from decorations provider vscode.git 270
[2022-01-29 01:33:06.772] [exthost] [warning] [Decorations] CAPPING events from decorations provider vscode.git 271
[2022-01-29 01:33:11.824] [exthost] [warning] [Decorations] CAPPING events from decorations provider vscode.git 273
[2022-01-29 01:33:16.868] [exthost] [warning] [Decorations] CAPPING events from decorations provider vscode.git 276
[2022-01-29 01:33:21.927] [exthost] [warning] [Decorations] CAPPING events from decorations provider vscode.git 276
[2022-01-29 01:33:26.984] [exthost] [warning] [Decorations] CAPPING events from decorations provider vscode.git 276
[2022-01-29 01:33:32.049] [exthost] [warning] [Decorations] CAPPING events from decorations provider vscode.git 276
[2022-01-29 01:33:37.110] [exthost] [warning] [Decorations] CAPPING events from decorations provider vscode.git 276
[2022-01-29 01:33:42.165] [exthost] [warning] [Decorations] CAPPING events from decorations provider vscode.git 276
[2022-01-29 01:33:47.218] [exthost] [warning] [Decorations] CAPPING events from decorations provider vscode.git 276
[2022-01-29 01:33:52.268] [exthost] [warning] [Decorations] CAPPING events from decorations provider vscode.git 276
[2022-01-29 01:33:57.319] [exthost] [warning] [Decorations] CAPPING events from decorations provider vscode.git 276
[2022-01-29 01:34:02.365] [exthost] [warning] [Decorations] CAPPING events from decorations provider vscode.git 276
[2022-01-29 01:34:07.414] [exthost] [warning] [Decorations] CAPPING events from decorations provider vscode.git 276
[2022-01-29 01:34:12.472] [exthost] [warning] [Decorations] CAPPING events from decorations provider vscode.git 276
[2022-01-29 01:34:13.222] [exthost] [info] extension host terminating: renderer closed the socket
[2022-01-29 01:34:13.228] [exthost] [info] Extension host with pid 1401352 exiting with code 0
