[2021-12-14 12:09:25.126] [exthost] [info] Extension host with pid 1434083 started
[2021-12-14 12:09:25.261] [exthost] [info] ExtensionService#_doActivateExtension vscode.microsoft-authentication, startup: false, activationEvent: 'onAuthenticationRequest:microsoft'
[2021-12-14 12:09:25.300] [exthost] [info] ExtensionService#_doActivateExtension vscode.debug-auto-launch, startup: true, activationEvent: '*'
[2021-12-14 12:09:25.304] [exthost] [info] ExtensionService#_doActivateExtension vscode.git-base, startup: true, activationEvent: '*', root cause: vscode.github
[2021-12-14 12:09:25.347] [exthost] [info] ExtensionService#_doActivateExtension vscode.git, startup: true, activationEvent: '*'
[2021-12-14 12:09:25.482] [exthost] [info] ExtensionService#_doActivateExtension vscode.github, startup: true, activationEvent: '*'
[2021-12-14 12:09:25.587] [exthost] [info] Eager extensions activated
[2021-12-14 12:09:25.611] [exthost] [info] ExtensionService#_doActivateExtension vscode.emmet, startup: false, activationEvent: 'onStartupFinished'
[2021-12-14 12:09:25.645] [exthost] [info] ExtensionService#_doActivateExtension vscode.merge-conflict, startup: false, activationEvent: 'onStartupFinished'
[2021-12-14 12:09:25.666] [exthost] [info] ExtensionService#_doActivateExtension formulahendry.code-runner, startup: false, activationEvent: 'onStartupFinished'
[2021-12-14 12:09:25.771] [exthost] [info] ExtensionService#_doActivateExtension vscode.github-authentication, startup: false, activationEvent: 'onAuthenticationRequest:github'
[2021-12-14 12:09:51.979] [exthost] [info] extension host terminating: renderer closed the socket
[2021-12-14 12:09:51.989] [exthost] [info] Extension host with pid 1434083 exiting with code 0
[2021-12-14 12:09:54.575] [exthost] [info] Extension host with pid 1434428 started
[2021-12-14 12:09:54.575] [exthost] [info] Skipping acquiring lock for /root/Github_Repos/AshleyChraya.github.io/~/.vscode-root/User/workspaceStorage/145daf402ce104a2a944f8b40c0d3eab.
[2021-12-14 12:09:54.703] [exthost] [info] ExtensionService#_doActivateExtension vscode.microsoft-authentication, startup: false, activationEvent: 'onAuthenticationRequest:microsoft'
[2021-12-14 12:09:54.721] [exthost] [info] ExtensionService#_doActivateExtension vscode.debug-auto-launch, startup: true, activationEvent: '*'
[2021-12-14 12:09:54.725] [exthost] [info] ExtensionService#_doActivateExtension vscode.git-base, startup: true, activationEvent: '*', root cause: vscode.github
[2021-12-14 12:09:54.729] [exthost] [info] ExtensionService#_doActivateExtension vscode.npm, startup: true, activationEvent: 'workspaceContains:package.json'
[2021-12-14 12:09:54.840] [exthost] [info] ExtensionService#_doActivateExtension vscode.git, startup: true, activationEvent: '*'
[2021-12-14 12:09:54.875] [exthost] [info] ExtensionService#_doActivateExtension vscode.github, startup: true, activationEvent: '*'
[2021-12-14 12:09:54.963] [exthost] [info] ExtensionService#_doActivateExtension vscode.github-authentication, startup: false, activationEvent: 'onAuthenticationRequest:github'
[2021-12-14 12:09:55.028] [exthost] [info] Eager extensions activated
[2021-12-14 12:09:55.100] [exthost] [warning] [Decorations] CAPPING events from decorations provider vscode.git 272
[2021-12-14 12:09:55.305] [exthost] [info] ExtensionService#_doActivateExtension vscode.emmet, startup: false, activationEvent: 'onStartupFinished'
[2021-12-14 12:09:55.312] [exthost] [info] ExtensionService#_doActivateExtension vscode.merge-conflict, startup: false, activationEvent: 'onStartupFinished'
[2021-12-14 12:09:55.449] [exthost] [info] ExtensionService#_doActivateExtension formulahendry.code-runner, startup: false, activationEvent: 'onStartupFinished'
[2021-12-14 12:10:00.269] [exthost] [warning] [Decorations] CAPPING events from decorations provider vscode.git 277
[2021-12-14 12:10:05.340] [exthost] [warning] [Decorations] CAPPING events from decorations provider vscode.git 281
[2021-12-14 12:10:10.403] [exthost] [warning] [Decorations] CAPPING events from decorations provider vscode.git 282
[2021-12-14 12:10:19.106] [exthost] [warning] [Decorations] CAPPING events from decorations provider vscode.git 282
[2021-12-14 12:10:19.512] [exthost] [info] ExtensionService#_doActivateExtension vscode.configuration-editing, startup: false, activationEvent: 'onLanguage:jsonc'
[2021-12-14 12:10:19.520] [exthost] [info] ExtensionService#_doActivateExtension vscode.json-language-features, startup: false, activationEvent: 'onLanguage:jsonc'
[2021-12-14 12:10:19.644] [exthost] [info] ExtensionService#_doActivateExtension vscode.typescript-language-features, startup: false, activationEvent: 'onLanguage:jsonc'
[2021-12-14 12:10:24.167] [exthost] [warning] [Decorations] CAPPING events from decorations provider vscode.git 284
[2021-12-14 12:10:30.560] [exthost] [warning] [Decorations] CAPPING events from decorations provider vscode.git 285
