[2022-01-29 01:34:59.168] [exthost] [info] Extension host with pid 1403013 started
[2022-01-29 01:34:59.168] [exthost] [info] Skipping acquiring lock for /root/Github_Repos/AshleyChraya.github.io/~/.vscode-root/User/workspaceStorage/145daf402ce104a2a944f8b40c0d3eab.
[2022-01-29 01:34:59.219] [exthost] [info] ExtensionService#_doActivateExtension vscode.microsoft-authentication, startup: false, activationEvent: 'onAuthenticationRequest:microsoft'
[2022-01-29 01:34:59.229] [exthost] [info] ExtensionService#_doActivateExtension vscode.debug-auto-launch, startup: true, activationEvent: '*'
[2022-01-29 01:34:59.231] [exthost] [info] ExtensionService#_doActivateExtension vscode.git-base, startup: true, activationEvent: '*', root cause: vscode.github
[2022-01-29 01:34:59.234] [exthost] [info] ExtensionService#_doActivateExtension vscode.npm, startup: true, activationEvent: 'workspaceContains:package.json'
[2022-01-29 01:34:59.258] [exthost] [info] ExtensionService#_doActivateExtension vscode.git, startup: true, activationEvent: '*'
[2022-01-29 01:34:59.278] [exthost] [info] ExtensionService#_doActivateExtension vscode.github, startup: true, activationEvent: '*'
[2022-01-29 01:34:59.404] [exthost] [warning] [Decorations] CAPPING events from decorations provider vscode.git 295
[2022-01-29 01:34:59.462] [exthost] [info] ExtensionService#_doActivateExtension vscode.github-authentication, startup: false, activationEvent: 'onAuthenticationRequest:github'
[2022-01-29 01:34:59.807] [exthost] [info] Eager extensions activated
[2022-01-29 01:34:59.836] [exthost] [info] ExtensionService#_doActivateExtension vscode.emmet, startup: false, activationEvent: 'onStartupFinished'
[2022-01-29 01:34:59.843] [exthost] [info] ExtensionService#_doActivateExtension vscode.merge-conflict, startup: false, activationEvent: 'onStartupFinished'
[2022-01-29 01:34:59.845] [exthost] [info] ExtensionService#_doActivateExtension formulahendry.code-runner, startup: false, activationEvent: 'onStartupFinished'
[2022-01-29 01:35:23.150] [exthost] [warning] [Decorations] CAPPING events from decorations provider vscode.git 298
[2022-01-29 01:35:28.211] [exthost] [warning] [Decorations] CAPPING events from decorations provider vscode.git 300
[2022-01-29 01:35:33.117] [exthost] [info] ExtensionService#_doActivateExtension vscode.configuration-editing, startup: false, activationEvent: 'onLanguage:jsonc'
[2022-01-29 01:35:33.126] [exthost] [info] ExtensionService#_doActivateExtension vscode.json-language-features, startup: false, activationEvent: 'onLanguage:jsonc'
[2022-01-29 01:35:33.191] [exthost] [info] ExtensionService#_doActivateExtension vscode.typescript-language-features, startup: false, activationEvent: 'onLanguage:jsonc'
[2022-01-29 01:35:33.406] [exthost] [warning] [Decorations] CAPPING events from decorations provider vscode.git 301
